# JRE version: Java(TM) SE Runtime Environment (16.0.2+7) (build 16.0.2+7-67)
# Java VM: Java HotSpot(TM) 64-Bit Server VM (16.0.2+7-67, mixed mode, sharing, tiered, compressed oops, compressed class ptrs, g1 gc, windows-amd64)
GC Precious Log:
 CPUs: 4 total, 4 available
 Memory: 8109M
 Large Page Support: Disabled
 NUMA Support: Disabled
 Compressed Oops: Enabled (32-bit)
 Heap Region Size: 1M
 Heap Min Capacity: 8M
 Heap Initial Capacity: 128M
 Heap Max Capacity: 512M
 Pre-touch: Disabled
 Parallel Workers: 4
 Concurrent Workers: 1
 Concurrent Refinement Workers: 4
 Periodic GC: Disabled
Heap:
 garbage-first heap   total 382976K, used 208998K [0x00000000e0000000, 0x0000000100000000)
  region size 1024K, 32 young (32768K), 0 survivors (0K)
 Metaspace       used 76460K, committed 76864K, reserved 1122304K
  class space    used 8327K, committed 8512K, reserved 1048576K
GC Heap History (20 events):
Event: 1145.404 GC heap before
{Heap before GC invocations=176 (full 0):
 garbage-first heap   total 372736K, used 324137K [0x00000000e0000000, 0x0000000100000000)
  region size 1024K, 120 young (122880K), 9 survivors (9216K)
 Metaspace       used 76066K, committed 76480K, reserved 1122304K
  class space    used 8288K, committed 8512K, reserved 1048576K
}
Event: 1145.415 GC heap after
{Heap after GC invocations=177 (full 0):
 garbage-first heap   total 372736K, used 220674K [0x00000000e0000000, 0x0000000100000000)
  region size 1024K, 15 young (15360K), 15 survivors (15360K)
 Metaspace       used 76066K, committed 76480K, reserved 1122304K
  class space    used 8288K, committed 8512K, reserved 1048576K
}
Event: 1156.992 GC heap before
{Heap before GC invocations=178 (full 0):
 garbage-first heap   total 382976K, used 308738K [0x00000000e0000000, 0x0000000100000000)
  region size 1024K, 101 young (103424K), 15 survivors (15360K)
 Metaspace       used 76228K, committed 76608K, reserved 1122304K
  class space    used 8308K, committed 8512K, reserved 1048576K
}
Event: 1157.009 GC heap after
{Heap after GC invocations=179 (full 0):
 garbage-first heap   total 382976K, used 230769K [0x00000000e0000000, 0x0000000100000000)
  region size 1024K, 13 young (13312K), 13 survivors (13312K)
 Metaspace       used 76228K, committed 76608K, reserved 1122304K
  class space    used 8308K, committed 8512K, reserved 1048576K
}
Event: 1157.741 GC heap before
{Heap before GC invocations=179 (full 0):
 garbage-first heap   total 382976K, used 235889K [0x00000000e0000000, 0x0000000100000000)
  region size 1024K, 18 young (18432K), 13 survivors (13312K)
 Metaspace       used 76232K, committed 76608K, reserved 1122304K
  class space    used 8308K, committed 8512K, reserved 1048576K
}
Event: 1157.768 GC heap after
{Heap after GC invocations=180 (full 0):
 garbage-first heap   total 382976K, used 214860K [0x00000000e0000000, 0x0000000100000000)
  region size 1024K, 2 young (2048K), 2 survivors (2048K)
 Metaspace       used 76232K, committed 76608K, reserved 1122304K
  class space    used 8308K, committed 8512K, reserved 1048576K
}
Event: 1167.991 GC heap before
{Heap before GC invocations=180 (full 0):
 garbage-first heap   total 382976K, used 308044K [0x00000000e0000000, 0x0000000100000000)
  region size 1024K, 93 young (95232K), 2 survivors (2048K)
 Metaspace       used 76245K, committed 76672K, reserved 1122304K
  class space    used 8308K, committed 8512K, reserved 1048576K
}
Event: 1168.005 GC heap after
{Heap after GC invocations=181 (full 0):
 garbage-first heap   total 382976K, used 213734K [0x00000000e0000000, 0x0000000100000000)
  region size 1024K, 1 young (1024K), 1 survivors (1024K)
 Metaspace       used 76245K, committed 76672K, reserved 1122304K
  class space    used 8308K, committed 8512K, reserved 1048576K
}
Event: 1176.972 GC heap before
{Heap before GC invocations=181 (full 0):
 garbage-first heap   total 382976K, used 312038K [0x00000000e0000000, 0x0000000100000000)
  region size 1024K, 97 young (99328K), 1 survivors (1024K)
 Metaspace       used 76248K, committed 76672K, reserved 1122304K
  class space    used 8308K, committed 8512K, reserved 1048576K
}
Event: 1176.974 GC heap after
{Heap after GC invocations=182 (full 0):
 garbage-first heap   total 382976K, used 213440K [0x00000000e0000000, 0x0000000100000000)
  region size 1024K, 1 young (1024K), 1 survivors (1024K)
 Metaspace       used 76248K, committed 76672K, reserved 1122304K
  class space    used 8308K, committed 8512K, reserved 1048576K
}
Event: 1191.442 GC heap before
{Heap before GC invocations=182 (full 0):
 garbage-first heap   total 382976K, used 315840K [0x00000000e0000000, 0x0000000100000000)
  region size 1024K, 101 young (103424K), 1 survivors (1024K)
 Metaspace       used 76287K, committed 76672K, reserved 1122304K
  class space    used 8310K, committed 8512K, reserved 1048576K
}
Event: 1191.445 GC heap after
{Heap after GC invocations=183 (full 0):
 garbage-first heap   total 382976K, used 214186K [0x00000000e0000000, 0x0000000100000000)
  region size 1024K, 2 young (2048K), 2 survivors (2048K)
 Metaspace       used 76287K, committed 76672K, reserved 1122304K
  class space    used 8310K, committed 8512K, reserved 1048576K
}
Event: 1202.836 GC heap before
{Heap before GC invocations=183 (full 0):
 garbage-first heap   total 382976K, used 318634K [0x00000000e0000000, 0x0000000100000000)
  region size 1024K, 104 young (106496K), 2 survivors (2048K)
 Metaspace       used 76290K, committed 76672K, reserved 1122304K
  class space    used 8310K, committed 8512K, reserved 1048576K
}
Event: 1202.839 GC heap after
{Heap after GC invocations=184 (full 0):
 garbage-first heap   total 382976K, used 214240K [0x00000000e0000000, 0x0000000100000000)
  region size 1024K, 2 young (2048K), 2 survivors (2048K)
 Metaspace       used 76290K, committed 76672K, reserved 1122304K
  class space    used 8310K, committed 8512K, reserved 1048576K
}
Event: 1211.787 GC heap before
{Heap before GC invocations=184 (full 0):
 garbage-first heap   total 382976K, used 322784K [0x00000000e0000000, 0x0000000100000000)
  region size 1024K, 108 young (110592K), 2 survivors (2048K)
 Metaspace       used 76315K, committed 76736K, reserved 1122304K
  class space    used 8310K, committed 8512K, reserved 1048576K
}
Event: 1211.792 GC heap after
{Heap after GC invocations=185 (full 0):
 garbage-first heap   total 382976K, used 219693K [0x00000000e0000000, 0x0000000100000000)
  region size 1024K, 7 young (7168K), 7 survivors (7168K)
 Metaspace       used 76315K, committed 76736K, reserved 1122304K
  class space    used 8310K, committed 8512K, reserved 1048576K
}
Event: 1223.765 GC heap before
{Heap before GC invocations=185 (full 0):
 garbage-first heap   total 382976K, used 323117K [0x00000000e0000000, 0x0000000100000000)
  region size 1024K, 108 young (110592K), 7 survivors (7168K)
 Metaspace       used 76332K, committed 76736K, reserved 1122304K
  class space    used 8310K, committed 8512K, reserved 1048576K
}
Event: 1223.770 GC heap after
{Heap after GC invocations=186 (full 0):
 garbage-first heap   total 382976K, used 219461K [0x00000000e0000000, 0x0000000100000000)
  region size 1024K, 7 young (7168K), 7 survivors (7168K)
 Metaspace       used 76332K, committed 76736K, reserved 1122304K
  class space    used 8310K, committed 8512K, reserved 1048576K
}
Event: 1232.757 GC heap before
{Heap before GC invocations=186 (full 0):
 garbage-first heap   total 382976K, used 277829K [0x00000000e0000000, 0x0000000100000000)
  region size 1024K, 65 young (66560K), 7 survivors (7168K)
 Metaspace       used 76341K, committed 76736K, reserved 1122304K
  class space    used 8312K, committed 8512K, reserved 1048576K
}
Event: 1232.935 GC heap after
{Heap after GC invocations=187 (full 1):
 garbage-first heap   total 382976K, used 171110K [0x00000000e0000000, 0x0000000100000000)
  region size 1024K, 0 young (0K), 0 survivors (0K)
 Metaspace       used 76341K, committed 76736K, reserved 1122304K
  class space    used 8312K, committed 8512K, reserved 1048576K
}

