# JRE version: Java(TM) SE Runtime Environment (16.0.2+7) (build 16.0.2+7-67)
# Java VM: Java HotSpot(TM) 64-Bit Server VM (16.0.2+7-67, mixed mode, sharing, tiered, compressed oops, compressed class ptrs, g1 gc, windows-amd64)
GC Precious Log:
 CPUs: 4 total, 4 available
 Memory: 8109M
 Large Page Support: Disabled
 NUMA Support: Disabled
 Compressed Oops: Enabled (32-bit)
 Heap Region Size: 1M
 Heap Min Capacity: 8M
 Heap Initial Capacity: 128M
 Heap Max Capacity: 512M
 Pre-touch: Disabled
 Parallel Workers: 4
 Concurrent Workers: 1
 Concurrent Refinement Workers: 4
 Periodic GC: Disabled
Heap:
 garbage-first heap   total 247808K, used 160000K [0x00000000e0000000, 0x0000000100000000)
  region size 1024K, 22 young (22528K), 6 survivors (6144K)
 Metaspace       used 66672K, committed 67072K, reserved 1114112K
  class space    used 7364K, committed 7552K, reserved 1048576K
GC Heap History (20 events):
Event: 26.406 GC heap before
{Heap before GC invocations=76 (full 0):
 garbage-first heap   total 207872K, used 163328K [0x00000000e0000000, 0x0000000100000000)
  region size 1024K, 50 young (51200K), 2 survivors (2048K)
 Metaspace       used 62787K, committed 63232K, reserved 1105920K
  class space    used 7010K, committed 7232K, reserved 1048576K
}
Event: 26.413 GC heap after
{Heap after GC invocations=77 (full 0):
 garbage-first heap   total 207872K, used 117889K [0x00000000e0000000, 0x0000000100000000)
  region size 1024K, 6 young (6144K), 6 survivors (6144K)
 Metaspace       used 62787K, committed 63232K, reserved 1105920K
  class space    used 7010K, committed 7232K, reserved 1048576K
}
Event: 27.500 GC heap before
{Heap before GC invocations=77 (full 0):
 garbage-first heap   total 207872K, used 132225K [0x00000000e0000000, 0x0000000100000000)
  region size 1024K, 22 young (22528K), 6 survivors (6144K)
 Metaspace       used 63482K, committed 63872K, reserved 1114112K
  class space    used 7070K, committed 7232K, reserved 1048576K
}
Event: 27.510 GC heap after
{Heap after GC invocations=78 (full 0):
 garbage-first heap   total 207872K, used 129521K [0x00000000e0000000, 0x0000000100000000)
  region size 1024K, 7 young (7168K), 7 survivors (7168K)
 Metaspace       used 63482K, committed 63872K, reserved 1114112K
  class space    used 7070K, committed 7232K, reserved 1048576K
}
Event: 27.928 GC heap before
{Heap before GC invocations=78 (full 0):
 garbage-first heap   total 245760K, used 161265K [0x00000000e0000000, 0x0000000100000000)
  region size 1024K, 40 young (40960K), 7 survivors (7168K)
 Metaspace       used 63484K, committed 63872K, reserved 1114112K
  class space    used 7070K, committed 7232K, reserved 1048576K
}
Event: 27.948 GC heap after
{Heap after GC invocations=79 (full 0):
 garbage-first heap   total 245760K, used 159939K [0x00000000e0000000, 0x0000000100000000)
  region size 1024K, 5 young (5120K), 5 survivors (5120K)
 Metaspace       used 63484K, committed 63872K, reserved 1114112K
  class space    used 7070K, committed 7232K, reserved 1048576K
}
Event: 28.097 GC heap before
{Heap before GC invocations=80 (full 0):
 garbage-first heap   total 245760K, used 183491K [0x00000000e0000000, 0x0000000100000000)
  region size 1024K, 28 young (28672K), 5 survivors (5120K)
 Metaspace       used 63486K, committed 63872K, reserved 1114112K
  class space    used 7070K, committed 7232K, reserved 1048576K
}
Event: 28.111 GC heap after
{Heap after GC invocations=81 (full 0):
 garbage-first heap   total 245760K, used 183296K [0x00000000e0000000, 0x0000000100000000)
  region size 1024K, 4 young (4096K), 4 survivors (4096K)
 Metaspace       used 63486K, committed 63872K, reserved 1114112K
  class space    used 7070K, committed 7232K, reserved 1048576K
}
Event: 28.552 GC heap before
{Heap before GC invocations=81 (full 0):
 garbage-first heap   total 245760K, used 193536K [0x00000000e0000000, 0x0000000100000000)
  region size 1024K, 16 young (16384K), 4 survivors (4096K)
 Metaspace       used 64108K, committed 64512K, reserved 1114112K
  class space    used 7152K, committed 7360K, reserved 1048576K
}
Event: 28.557 GC heap after
{Heap after GC invocations=82 (full 0):
 garbage-first heap   total 245760K, used 184832K [0x00000000e0000000, 0x0000000100000000)
  region size 1024K, 1 young (1024K), 1 survivors (1024K)
 Metaspace       used 64108K, committed 64512K, reserved 1114112K
  class space    used 7152K, committed 7360K, reserved 1048576K
}
Event: 28.701 GC heap before
{Heap before GC invocations=82 (full 0):
 garbage-first heap   total 245760K, used 203264K [0x00000000e0000000, 0x0000000100000000)
  region size 1024K, 14 young (14336K), 1 survivors (1024K)
 Metaspace       used 64193K, committed 64576K, reserved 1114112K
  class space    used 7162K, committed 7360K, reserved 1048576K
}
Event: 28.707 GC heap after
{Heap after GC invocations=83 (full 0):
 garbage-first heap   total 245760K, used 186942K [0x00000000e0000000, 0x0000000100000000)
  region size 1024K, 2 young (2048K), 2 survivors (2048K)
 Metaspace       used 64193K, committed 64576K, reserved 1114112K
  class space    used 7162K, committed 7360K, reserved 1048576K
}
Event: 29.126 GC heap before
{Heap before GC invocations=84 (full 0):
 garbage-first heap   total 245760K, used 153150K [0x00000000e0000000, 0x0000000100000000)
  region size 1024K, 15 young (15360K), 2 survivors (2048K)
 Metaspace       used 65085K, committed 65472K, reserved 1114112K
  class space    used 7304K, committed 7488K, reserved 1048576K
}
Event: 29.129 GC heap after
{Heap after GC invocations=85 (full 0):
 garbage-first heap   total 245760K, used 143872K [0x00000000e0000000, 0x0000000100000000)
  region size 1024K, 2 young (2048K), 2 survivors (2048K)
 Metaspace       used 65085K, committed 65472K, reserved 1114112K
  class space    used 7304K, committed 7488K, reserved 1048576K
}
Event: 29.238 GC heap before
{Heap before GC invocations=85 (full 0):
 garbage-first heap   total 245760K, used 153088K [0x00000000e0000000, 0x0000000100000000)
  region size 1024K, 12 young (12288K), 2 survivors (2048K)
 Metaspace       used 65091K, committed 65472K, reserved 1114112K
  class space    used 7304K, committed 7488K, reserved 1048576K
}
Event: 29.256 GC heap after
{Heap after GC invocations=86 (full 0):
 garbage-first heap   total 245760K, used 131470K [0x00000000e0000000, 0x0000000100000000)
  region size 1024K, 2 young (2048K), 2 survivors (2048K)
 Metaspace       used 65091K, committed 65472K, reserved 1114112K
  class space    used 7304K, committed 7488K, reserved 1048576K
}
Event: 29.487 GC heap before
{Heap before GC invocations=86 (full 0):
 garbage-first heap   total 245760K, used 150926K [0x00000000e0000000, 0x0000000100000000)
  region size 1024K, 23 young (23552K), 2 survivors (2048K)
 Metaspace       used 65267K, committed 65664K, reserved 1114112K
  class space    used 7313K, committed 7488K, reserved 1048576K
}
Event: 29.493 GC heap after
{Heap after GC invocations=87 (full 0):
 garbage-first heap   total 245760K, used 136576K [0x00000000e0000000, 0x0000000100000000)
  region size 1024K, 6 young (6144K), 6 survivors (6144K)
 Metaspace       used 65267K, committed 65664K, reserved 1114112K
  class space    used 7313K, committed 7488K, reserved 1048576K
}
Event: 46.928 GC heap before
{Heap before GC invocations=88 (full 0):
 garbage-first heap   total 245760K, used 161152K [0x00000000e0000000, 0x0000000100000000)
  region size 1024K, 28 young (28672K), 6 survivors (6144K)
 Metaspace       used 66044K, committed 66432K, reserved 1114112K
  class space    used 7350K, committed 7552K, reserved 1048576K
}
Event: 46.936 GC heap after
{Heap after GC invocations=89 (full 0):
 garbage-first heap   total 245760K, used 142592K [0x00000000e0000000, 0x0000000100000000)
  region size 1024K, 6 young (6144K), 6 survivors (6144K)
 Metaspace       used 66044K, committed 66432K, reserved 1114112K
  class space    used 7350K, committed 7552K, reserved 1048576K
}

