# JRE version: OpenJDK Runtime Environment (8.0_292-b10) (build 1.8.0_292-b10)
# Java VM: OpenJDK 64-Bit Server VM (25.292-b10 mixed mode windows-amd64 compressed oops)
Heap:
 par new generation   total 39296K, used 9427K [0x00000000c0000000, 0x00000000c2aa0000, 0x00000000d4cc0000)
  eden space 34944K,  14% used [0x00000000c0000000, 0x00000000c04f5a38, 0x00000000c2220000)
  from space 4352K,  99% used [0x00000000c2220000, 0x00000000c265f4c8, 0x00000000c2660000)
  to   space 4352K,   0% used [0x00000000c2660000, 0x00000000c2660000, 0x00000000c2aa0000)
 concurrent mark-sweep generation total 120256K, used 73594K [0x00000000d4cc0000, 0x00000000dc230000, 0x0000000100000000)
 Metaspace       used 55735K, capacity 58598K, committed 58896K, reserved 1101824K
  class space    used 6429K, capacity 6882K, committed 6928K, reserved 1048576K
GC Heap History (32 events):
Event: 1.283 GC heap before
{Heap before GC invocations=0 (full 0):
 par new generation   total 39296K, used 34944K [0x00000000c0000000, 0x00000000c2aa0000, 0x00000000d4cc0000)
  eden space 34944K, 100% used [0x00000000c0000000, 0x00000000c2220000, 0x00000000c2220000)
  from space 4352K,   0% used [0x00000000c2220000, 0x00000000c2220000, 0x00000000c2660000)
  to   space 4352K,   0% used [0x00000000c2660000, 0x00000000c2660000, 0x00000000c2aa0000)
 concurrent mark-sweep generation total 87424K, used 0K [0x00000000d4cc0000, 0x00000000da220000, 0x0000000100000000)
 Metaspace       used 10042K, capacity 10254K, committed 10496K, reserved 1058816K
  class space    used 1161K, capacity 1236K, committed 1280K, reserved 1048576K
Event: 1.289 GC heap after
Heap after GC invocations=1 (full 0):
 par new generation   total 39296K, used 4352K [0x00000000c0000000, 0x00000000c2aa0000, 0x00000000d4cc0000)
  eden space 34944K,   0% used [0x00000000c0000000, 0x00000000c0000000, 0x00000000c2220000)
  from space 4352K, 100% used [0x00000000c2660000, 0x00000000c2aa0000, 0x00000000c2aa0000)
  to   space 4352K,   0% used [0x00000000c2220000, 0x00000000c2220000, 0x00000000c2660000)
 concurrent mark-sweep generation total 87424K, used 23K [0x00000000d4cc0000, 0x00000000da220000, 0x0000000100000000)
 Metaspace       used 10042K, capacity 10254K, committed 10496K, reserved 1058816K
  class space    used 1161K, capacity 1236K, committed 1280K, reserved 1048576K
}
Event: 3.245 GC heap before
{Heap before GC invocations=1 (full 0):
 par new generation   total 39296K, used 39296K [0x00000000c0000000, 0x00000000c2aa0000, 0x00000000d4cc0000)
  eden space 34944K, 100% used [0x00000000c0000000, 0x00000000c2220000, 0x00000000c2220000)
  from space 4352K, 100% used [0x00000000c2660000, 0x00000000c2aa0000, 0x00000000c2aa0000)
  to   space 4352K,   0% used [0x00000000c2220000, 0x00000000c2220000, 0x00000000c2660000)
 concurrent mark-sweep generation total 87424K, used 23K [0x00000000d4cc0000, 0x00000000da220000, 0x0000000100000000)
 Metaspace       used 18060K, capacity 18462K, committed 18816K, reserved 1067008K
  class space    used 1952K, capacity 2094K, committed 2176K, reserved 1048576K
Event: 3.261 GC heap after
Heap after GC invocations=2 (full 0):
 par new generation   total 39296K, used 4352K [0x00000000c0000000, 0x00000000c2aa0000, 0x00000000d4cc0000)
  eden space 34944K,   0% used [0x00000000c0000000, 0x00000000c0000000, 0x00000000c2220000)
  from space 4352K, 100% used [0x00000000c2220000, 0x00000000c2660000, 0x00000000c2660000)
  to   space 4352K,   0% used [0x00000000c2660000, 0x00000000c2660000, 0x00000000c2aa0000)
 concurrent mark-sweep generation total 87424K, used 2553K [0x00000000d4cc0000, 0x00000000da220000, 0x0000000100000000)
 Metaspace       used 18060K, capacity 18462K, committed 18816K, reserved 1067008K
  class space    used 1952K, capacity 2094K, committed 2176K, reserved 1048576K
}
Event: 4.033 GC heap before
{Heap before GC invocations=2 (full 1):
 par new generation   total 39296K, used 39296K [0x00000000c0000000, 0x00000000c2aa0000, 0x00000000d4cc0000)
  eden space 34944K, 100% used [0x00000000c0000000, 0x00000000c2220000, 0x00000000c2220000)
  from space 4352K, 100% used [0x00000000c2220000, 0x00000000c2660000, 0x00000000c2660000)
  to   space 4352K,   0% used [0x00000000c2660000, 0x00000000c2660000, 0x00000000c2aa0000)
 concurrent mark-sweep generation total 87424K, used 2553K [0x00000000d4cc0000, 0x00000000da220000, 0x0000000100000000)
 Metaspace       used 23792K, capacity 24314K, committed 24540K, reserved 1071104K
  class space    used 2689K, capacity 2830K, committed 2884K, reserved 1048576K
Event: 4.056 GC heap after
Heap after GC invocations=3 (full 1):
 par new generation   total 39296K, used 4352K [0x00000000c0000000, 0x00000000c2aa0000, 0x00000000d4cc0000)
  eden space 34944K,   0% used [0x00000000c0000000, 0x00000000c0000000, 0x00000000c2220000)
  from space 4352K, 100% used [0x00000000c2660000, 0x00000000c2aa0000, 0x00000000c2aa0000)
  to   space 4352K,   0% used [0x00000000c2220000, 0x00000000c2220000, 0x00000000c2660000)
 concurrent mark-sweep generation total 87424K, used 10309K [0x00000000d4cc0000, 0x00000000da220000, 0x0000000100000000)
 Metaspace       used 23792K, capacity 24314K, committed 24540K, reserved 1071104K
  class space    used 2689K, capacity 2830K, committed 2884K, reserved 1048576K
}
Event: 4.932 GC heap before
{Heap before GC invocations=3 (full 1):
 par new generation   total 39296K, used 39296K [0x00000000c0000000, 0x00000000c2aa0000, 0x00000000d4cc0000)
  eden space 34944K, 100% used [0x00000000c0000000, 0x00000000c2220000, 0x00000000c2220000)
  from space 4352K, 100% used [0x00000000c2660000, 0x00000000c2aa0000, 0x00000000c2aa0000)
  to   space 4352K,   0% used [0x00000000c2220000, 0x00000000c2220000, 0x00000000c2660000)
 concurrent mark-sweep generation total 87424K, used 10285K [0x00000000d4cc0000, 0x00000000da220000, 0x0000000100000000)
 Metaspace       used 26826K, capacity 27402K, committed 27664K, reserved 1073152K
  class space    used 3092K, capacity 3267K, committed 3344K, reserved 1048576K
Event: 4.957 GC heap after
Heap after GC invocations=4 (full 1):
 par new generation   total 39296K, used 4352K [0x00000000c0000000, 0x00000000c2aa0000, 0x00000000d4cc0000)
  eden space 34944K,   0% used [0x00000000c0000000, 0x00000000c0000000, 0x00000000c2220000)
  from space 4352K, 100% used [0x00000000c2220000, 0x00000000c2660000, 0x00000000c2660000)
  to   space 4352K,   0% used [0x00000000c2660000, 0x00000000c2660000, 0x00000000c2aa0000)
 concurrent mark-sweep generation total 87424K, used 21996K [0x00000000d4cc0000, 0x00000000da220000, 0x0000000100000000)
 Metaspace       used 26826K, capacity 27402K, committed 27664K, reserved 1073152K
  class space    used 3092K, capacity 3267K, committed 3344K, reserved 1048576K
}
Event: 5.916 GC heap before
{Heap before GC invocations=4 (full 1):
 par new generation   total 39296K, used 39296K [0x00000000c0000000, 0x00000000c2aa0000, 0x00000000d4cc0000)
  eden space 34944K, 100% used [0x00000000c0000000, 0x00000000c2220000, 0x00000000c2220000)
  from space 4352K, 100% used [0x00000000c2220000, 0x00000000c2660000, 0x00000000c2660000)
  to   space 4352K,   0% used [0x00000000c2660000, 0x00000000c2660000, 0x00000000c2aa0000)
 concurrent mark-sweep generation total 87424K, used 21996K [0x00000000d4cc0000, 0x00000000da220000, 0x0000000100000000)
 Metaspace       used 30472K, capacity 31194K, committed 31504K, reserved 1077248K
  class space    used 3590K, capacity 3807K, committed 3856K, reserved 1048576K
Event: 5.929 GC heap after
Heap after GC invocations=5 (full 1):
 par new generation   total 39296K, used 4352K [0x00000000c0000000, 0x00000000c2aa0000, 0x00000000d4cc0000)
  eden space 34944K,   0% used [0x00000000c0000000, 0x00000000c0000000, 0x00000000c2220000)
  from space 4352K, 100% used [0x00000000c2660000, 0x00000000c2aa0000, 0x00000000c2aa0000)
  to   space 4352K,   0% used [0x00000000c2220000, 0x00000000c2220000, 0x00000000c2660000)
 concurrent mark-sweep generation total 87424K, used 27688K [0x00000000d4cc0000, 0x00000000da220000, 0x0000000100000000)
 Metaspace       used 30472K, capacity 31194K, committed 31504K, reserved 1077248K
  class space    used 3590K, capacity 3807K, committed 3856K, reserved 1048576K
}
Event: 7.273 GC heap before
{Heap before GC invocations=5 (full 2):
 par new generation   total 39296K, used 39285K [0x00000000c0000000, 0x00000000c2aa0000, 0x00000000d4cc0000)
  eden space 34944K,  99% used [0x00000000c0000000, 0x00000000c221d6e8, 0x00000000c2220000)
  from space 4352K, 100% used [0x00000000c2660000, 0x00000000c2aa0000, 0x00000000c2aa0000)
  to   space 4352K,   0% used [0x00000000c2220000, 0x00000000c2220000, 0x00000000c2660000)
 concurrent mark-sweep generation total 87424K, used 27688K [0x00000000d4cc0000, 0x00000000da220000, 0x0000000100000000)
 Metaspace       used 38305K, capacity 39186K, committed 39440K, reserved 1083392K
  class space    used 4397K, capacity 4595K, committed 4624K, reserved 1048576K
Event: 7.282 GC heap after
Heap after GC invocations=6 (full 2):
 par new generation   total 39296K, used 4352K [0x00000000c0000000, 0x00000000c2aa0000, 0x00000000d4cc0000)
  eden space 34944K,   0% used [0x00000000c0000000, 0x00000000c0000000, 0x00000000c2220000)
  from space 4352K, 100% used [0x00000000c2220000, 0x00000000c2660000, 0x00000000c2660000)
  to   space 4352K,   0% used [0x00000000c2660000, 0x00000000c2660000, 0x00000000c2aa0000)
 concurrent mark-sweep generation total 87424K, used 29726K [0x00000000d4cc0000, 0x00000000da220000, 0x0000000100000000)
 Metaspace       used 38305K, capacity 39186K, committed 39440K, reserved 1083392K
  class space    used 4397K, capacity 4595K, committed 4624K, reserved 1048576K
}
Event: 8.415 GC heap before
{Heap before GC invocations=6 (full 2):
 par new generation   total 39296K, used 39296K [0x00000000c0000000, 0x00000000c2aa0000, 0x00000000d4cc0000)
  eden space 34944K, 100% used [0x00000000c0000000, 0x00000000c2220000, 0x00000000c2220000)
  from space 4352K, 100% used [0x00000000c2220000, 0x00000000c2660000, 0x00000000c2660000)
  to   space 4352K,   0% used [0x00000000c2660000, 0x00000000c2660000, 0x00000000c2aa0000)
 concurrent mark-sweep generation total 87424K, used 26856K [0x00000000d4cc0000, 0x00000000da220000, 0x0000000100000000)
 Metaspace       used 41404K, capacity 43672K, committed 43920K, reserved 1087488K
  class space    used 4857K, capacity 5228K, committed 5264K, reserved 1048576K
Event: 8.434 GC heap after
Heap after GC invocations=7 (full 2):
 par new generation   total 39296K, used 4352K [0x00000000c0000000, 0x00000000c2aa0000, 0x00000000d4cc0000)
  eden space 34944K,   0% used [0x00000000c0000000, 0x00000000c0000000, 0x00000000c2220000)
  from space 4352K, 100% used [0x00000000c2660000, 0x00000000c2aa0000, 0x00000000c2aa0000)
  to   space 4352K,   0% used [0x00000000c2220000, 0x00000000c2220000, 0x00000000c2660000)
 concurrent mark-sweep generation total 87424K, used 32319K [0x00000000d4cc0000, 0x00000000da220000, 0x0000000100000000)
 Metaspace       used 41404K, capacity 43672K, committed 43920K, reserved 1087488K
  class space    used 4857K, capacity 5228K, committed 5264K, reserved 1048576K
}
Event: 9.650 GC heap before
{Heap before GC invocations=7 (full 2):
 par new generation   total 39296K, used 36076K [0x00000000c0000000, 0x00000000c2aa0000, 0x00000000d4cc0000)
  eden space 34944K,  90% used [0x00000000c0000000, 0x00000000c1efb140, 0x00000000c2220000)
  from space 4352K, 100% used [0x00000000c2660000, 0x00000000c2aa0000, 0x00000000c2aa0000)
  to   space 4352K,   0% used [0x00000000c2220000, 0x00000000c2220000, 0x00000000c2660000)
 concurrent mark-sweep generation total 87424K, used 32319K [0x00000000d4cc0000, 0x00000000da220000, 0x0000000100000000)
 Metaspace       used 46766K, capacity 49442K, committed 49680K, reserved 1093632K
  class space    used 5685K, capacity 6103K, committed 6160K, reserved 1048576K
Event: 9.670 GC heap after
Heap after GC invocations=8 (full 2):
 par new generation   total 39296K, used 4352K [0x00000000c0000000, 0x00000000c2aa0000, 0x00000000d4cc0000)
  eden space 34944K,   0% used [0x00000000c0000000, 0x00000000c0000000, 0x00000000c2220000)
  from space 4352K, 100% used [0x00000000c2220000, 0x00000000c2660000, 0x00000000c2660000)
  to   space 4352K,   0% used [0x00000000c2660000, 0x00000000c2660000, 0x00000000c2aa0000)
 concurrent mark-sweep generation total 87424K, used 38703K [0x00000000d4cc0000, 0x00000000da220000, 0x0000000100000000)
 Metaspace       used 46766K, capacity 49442K, committed 49680K, reserved 1093632K
  class space    used 5685K, capacity 6103K, committed 6160K, reserved 1048576K
}
Event: 11.137 GC heap before
{Heap before GC invocations=8 (full 3):
 par new generation   total 39296K, used 39292K [0x00000000c0000000, 0x00000000c2aa0000, 0x00000000d4cc0000)
  eden space 34944K,  99% used [0x00000000c0000000, 0x00000000c221f0f0, 0x00000000c2220000)
  from space 4352K, 100% used [0x00000000c2220000, 0x00000000c2660000, 0x00000000c2660000)
  to   space 4352K,   0% used [0x00000000c2660000, 0x00000000c2660000, 0x00000000c2aa0000)
 concurrent mark-sweep generation total 87424K, used 38703K [0x00000000d4cc0000, 0x00000000da220000, 0x0000000100000000)
 Metaspace       used 49186K, capacity 51972K, committed 51984K, reserved 1095680K
  class space    used 5967K, capacity 6412K, committed 6416K, reserved 1048576K
Event: 11.155 GC heap after
Heap after GC invocations=9 (full 3):
 par new generation   total 39296K, used 4352K [0x00000000c0000000, 0x00000000c2aa0000, 0x00000000d4cc0000)
  eden space 34944K,   0% used [0x00000000c0000000, 0x00000000c0000000, 0x00000000c2220000)
  from space 4352K, 100% used [0x00000000c2660000, 0x00000000c2aa0000, 0x00000000c2aa0000)
  to   space 4352K,   0% used [0x00000000c2220000, 0x00000000c2220000, 0x00000000c2660000)
 concurrent mark-sweep generation total 87424K, used 56591K [0x00000000d4cc0000, 0x00000000da220000, 0x0000000100000000)
 Metaspace       used 49186K, capacity 51972K, committed 51984K, reserved 1095680K
  class space    used 5967K, capacity 6412K, committed 6416K, reserved 1048576K
}
Event: 14.257 GC heap before
{Heap before GC invocations=9 (full 3):
 par new generation   total 39296K, used 38541K [0x00000000c0000000, 0x00000000c2aa0000, 0x00000000d4cc0000)
  eden space 34944K,  97% used [0x00000000c0000000, 0x00000000c2163748, 0x00000000c2220000)
  from space 4352K, 100% used [0x00000000c2660000, 0x00000000c2aa0000, 0x00000000c2aa0000)
  to   space 4352K,   0% used [0x00000000c2220000, 0x00000000c2220000, 0x00000000c2660000)
 concurrent mark-sweep generation total 87424K, used 51615K [0x00000000d4cc0000, 0x00000000da220000, 0x0000000100000000)
 Metaspace       used 52890K, capacity 55682K, committed 55952K, reserved 1097728K
  class space    used 6241K, capacity 6702K, committed 6800K, reserved 1048576K
Event: 14.264 GC heap after
Heap after GC invocations=10 (full 3):
 par new generation   total 39296K, used 3649K [0x00000000c0000000, 0x00000000c2aa0000, 0x00000000d4cc0000)
  eden space 34944K,   0% used [0x00000000c0000000, 0x00000000c0000000, 0x00000000c2220000)
  from space 4352K,  83% used [0x00000000c2220000, 0x00000000c25b04e8, 0x00000000c2660000)
  to   space 4352K,   0% used [0x00000000c2660000, 0x00000000c2660000, 0x00000000c2aa0000)
 concurrent mark-sweep generation total 87424K, used 53846K [0x00000000d4cc0000, 0x00000000da220000, 0x0000000100000000)
 Metaspace       used 52890K, capacity 55682K, committed 55952K, reserved 1097728K
  class space    used 6241K, capacity 6702K, committed 6800K, reserved 1048576K
}
Event: 16.472 GC heap before
{Heap before GC invocations=10 (full 3):
 par new generation   total 39296K, used 38590K [0x00000000c0000000, 0x00000000c2aa0000, 0x00000000d4cc0000)
  eden space 34944K,  99% used [0x00000000c0000000, 0x00000000c221f450, 0x00000000c2220000)
  from space 4352K,  83% used [0x00000000c2220000, 0x00000000c25b04e8, 0x00000000c2660000)
  to   space 4352K,   0% used [0x00000000c2660000, 0x00000000c2660000, 0x00000000c2aa0000)
 concurrent mark-sweep generation total 87424K, used 53846K [0x00000000d4cc0000, 0x00000000da220000, 0x0000000100000000)
 Metaspace       used 53436K, capacity 56216K, committed 56464K, reserved 1099776K
  class space    used 6277K, capacity 6709K, committed 6800K, reserved 1048576K
Event: 16.505 GC heap after
Heap after GC invocations=11 (full 3):
 par new generation   total 39296K, used 4352K [0x00000000c0000000, 0x00000000c2aa0000, 0x00000000d4cc0000)
  eden space 34944K,   0% used [0x00000000c0000000, 0x00000000c0000000, 0x00000000c2220000)
  from space 4352K, 100% used [0x00000000c2660000, 0x00000000c2aa0000, 0x00000000c2aa0000)
  to   space 4352K,   0% used [0x00000000c2220000, 0x00000000c2220000, 0x00000000c2660000)
 concurrent mark-sweep generation total 87424K, used 69177K [0x00000000d4cc0000, 0x00000000da220000, 0x0000000100000000)
 Metaspace       used 53436K, capacity 56216K, committed 56464K, reserved 1099776K
  class space    used 6277K, capacity 6709K, committed 6800K, reserved 1048576K
}
Event: 17.004 GC heap before
{Heap before GC invocations=11 (full 4):
 par new generation   total 39296K, used 39296K [0x00000000c0000000, 0x00000000c2aa0000, 0x00000000d4cc0000)
  eden space 34944K, 100% used [0x00000000c0000000, 0x00000000c2220000, 0x00000000c2220000)
  from space 4352K, 100% used [0x00000000c2660000, 0x00000000c2aa0000, 0x00000000c2aa0000)
  to   space 4352K,   0% used [0x00000000c2220000, 0x00000000c2220000, 0x00000000c2660000)
 concurrent mark-sweep generation total 87424K, used 69177K [0x00000000d4cc0000, 0x00000000da220000, 0x0000000100000000)
 Metaspace       used 53462K, capacity 56216K, committed 56464K, reserved 1099776K
  class space    used 6277K, capacity 6709K, committed 6800K, reserved 1048576K
Event: 17.038 GC heap after
Heap after GC invocations=12 (full 4):
 par new generation   total 39296K, used 4352K [0x00000000c0000000, 0x00000000c2aa0000, 0x00000000d4cc0000)
  eden space 34944K,   0% used [0x00000000c0000000, 0x00000000c0000000, 0x00000000c2220000)
  from space 4352K, 100% used [0x00000000c2220000, 0x00000000c2660000, 0x00000000c2660000)
  to   space 4352K,   0% used [0x00000000c2660000, 0x00000000c2660000, 0x00000000c2aa0000)
 concurrent mark-sweep generation total 93736K, used 84509K [0x00000000d4cc0000, 0x00000000da84a000, 0x0000000100000000)
 Metaspace       used 53462K, capacity 56216K, committed 56464K, reserved 1099776K
  class space    used 6277K, capacity 6709K, committed 6800K, reserved 1048576K
}
Event: 17.312 GC heap before
{Heap before GC invocations=12 (full 4):
 par new generation   total 39296K, used 39296K [0x00000000c0000000, 0x00000000c2aa0000, 0x00000000d4cc0000)
  eden space 34944K, 100% used [0x00000000c0000000, 0x00000000c2220000, 0x00000000c2220000)
  from space 4352K, 100% used [0x00000000c2220000, 0x00000000c2660000, 0x00000000c2660000)
  to   space 4352K,   0% used [0x00000000c2660000, 0x00000000c2660000, 0x00000000c2aa0000)
 concurrent mark-sweep generation total 120256K, used 72151K [0x00000000d4cc0000, 0x00000000dc230000, 0x0000000100000000)
 Metaspace       used 53512K, capacity 56248K, committed 56464K, reserved 1099776K
  class space    used 6283K, capacity 6741K, committed 6800K, reserved 1048576K
Event: 17.332 GC heap after
Heap after GC invocations=13 (full 4):
 par new generation   total 39296K, used 4352K [0x00000000c0000000, 0x00000000c2aa0000, 0x00000000d4cc0000)
  eden space 34944K,   0% used [0x00000000c0000000, 0x00000000c0000000, 0x00000000c2220000)
  from space 4352K, 100% used [0x00000000c2660000, 0x00000000c2aa0000, 0x00000000c2aa0000)
  to   space 4352K,   0% used [0x00000000c2220000, 0x00000000c2220000, 0x00000000c2660000)
 concurrent mark-sweep generation total 120256K, used 90442K [0x00000000d4cc0000, 0x00000000dc230000, 0x0000000100000000)
 Metaspace       used 53512K, capacity 56248K, committed 56464K, reserved 1099776K
  class space    used 6283K, capacity 6741K, committed 6800K, reserved 1048576K
}
Event: 17.921 GC heap before
{Heap before GC invocations=13 (full 4):
 par new generation   total 39296K, used 39296K [0x00000000c0000000, 0x00000000c2aa0000, 0x00000000d4cc0000)
  eden space 34944K, 100% used [0x00000000c0000000, 0x00000000c2220000, 0x00000000c2220000)
  from space 4352K, 100% used [0x00000000c2660000, 0x00000000c2aa0000, 0x00000000c2aa0000)
  to   space 4352K,   0% used [0x00000000c2220000, 0x00000000c2220000, 0x00000000c2660000)
 concurrent mark-sweep generation total 120256K, used 90442K [0x00000000d4cc0000, 0x00000000dc230000, 0x0000000100000000)
 Metaspace       used 53907K, capacity 56678K, committed 56976K, reserved 1099776K
  class space    used 6344K, capacity 6776K, committed 6800K, reserved 1048576K
Event: 17.929 GC heap after
Heap after GC invocations=14 (full 4):
 par new generation   total 39296K, used 4352K [0x00000000c0000000, 0x00000000c2aa0000, 0x00000000d4cc0000)
  eden space 34944K,   0% used [0x00000000c0000000, 0x00000000c0000000, 0x00000000c2220000)
  from space 4352K, 100% used [0x00000000c2220000, 0x00000000c2660000, 0x00000000c2660000)
  to   space 4352K,   0% used [0x00000000c2660000, 0x00000000c2660000, 0x00000000c2aa0000)
 concurrent mark-sweep generation total 120256K, used 94847K [0x00000000d4cc0000, 0x00000000dc230000, 0x0000000100000000)
 Metaspace       used 53907K, capacity 56678K, committed 56976K, reserved 1099776K
  class space    used 6344K, capacity 6776K, committed 6800K, reserved 1048576K
}
Event: 21.263 GC heap before
{Heap before GC invocations=14 (full 5):
 par new generation   total 39296K, used 39296K [0x00000000c0000000, 0x00000000c2aa0000, 0x00000000d4cc0000)
  eden space 34944K, 100% used [0x00000000c0000000, 0x00000000c2220000, 0x00000000c2220000)
  from space 4352K, 100% used [0x00000000c2220000, 0x00000000c2660000, 0x00000000c2660000)
  to   space 4352K,   0% used [0x00000000c2660000, 0x00000000c2660000, 0x00000000c2aa0000)
 concurrent mark-sweep generation total 120256K, used 65648K [0x00000000d4cc0000, 0x00000000dc230000, 0x0000000100000000)
 Metaspace       used 54340K, capacity 57134K, committed 57360K, reserved 1099776K
  class space    used 6358K, capacity 6840K, committed 6928K, reserved 1048576K
Event: 21.266 GC heap after
Heap after GC invocations=15 (full 5):
 par new generation   total 39296K, used 4348K [0x00000000c0000000, 0x00000000c2aa0000, 0x00000000d4cc0000)
  eden space 34944K,   0% used [0x00000000c0000000, 0x00000000c0000000, 0x00000000c2220000)
  from space 4352K,  99% used [0x00000000c2660000, 0x00000000c2a9f0d0, 0x00000000c2aa0000)
  to   space 4352K,   0% used [0x00000000c2220000, 0x00000000c2220000, 0x00000000c2660000)
 concurrent mark-sweep generation total 120256K, used 70257K [0x00000000d4cc0000, 0x00000000dc230000, 0x0000000100000000)
 Metaspace       used 54340K, capacity 57134K, committed 57360K, reserved 1099776K
  class space    used 6358K, capacity 6840K, committed 6928K, reserved 1048576K
}
Event: 40.386 GC heap before
{Heap before GC invocations=15 (full 6):
 par new generation   total 39296K, used 39292K [0x00000000c0000000, 0x00000000c2aa0000, 0x00000000d4cc0000)
  eden space 34944K, 100% used [0x00000000c0000000, 0x00000000c2220000, 0x00000000c2220000)
  from space 4352K,  99% used [0x00000000c2660000, 0x00000000c2a9f0d0, 0x00000000c2aa0000)
  to   space 4352K,   0% used [0x00000000c2220000, 0x00000000c2220000, 0x00000000c2660000)
 concurrent mark-sweep generation total 120256K, used 65114K [0x00000000d4cc0000, 0x00000000dc230000, 0x0000000100000000)
 Metaspace       used 55702K, capacity 58510K, committed 58640K, reserved 1101824K
  class space    used 6423K, capacity 6878K, committed 6928K, reserved 1048576K
Event: 40.394 GC heap after
Heap after GC invocations=16 (full 6):
 par new generation   total 39296K, used 4349K [0x00000000c0000000, 0x00000000c2aa0000, 0x00000000d4cc0000)
  eden space 34944K,   0% used [0x00000000c0000000, 0x00000000c0000000, 0x00000000c2220000)
  from space 4352K,  99% used [0x00000000c2220000, 0x00000000c265f4c8, 0x00000000c2660000)
  to   space 4352K,   0% used [0x00000000c2660000, 0x00000000c2660000, 0x00000000c2aa0000)
 concurrent mark-sweep generation total 120256K, used 73594K [0x00000000d4cc0000, 0x00000000dc230000, 0x0000000100000000)
 Metaspace       used 55702K, capacity 58510K, committed 58640K, reserved 1101824K
  class space    used 6423K, capacity 6878K, committed 6928K, reserved 1048576K
}

